<?xml version="1.0" encoding="UTF-8"?>
<testsuite xmlns:xsi="http://www.w3.org/2001/XMLSchema-instance" xsi:noNamespaceSchemaLocation="https://maven.apache.org/surefire/maven-surefire-plugin/xsd/surefire-test-report-3.0.xsd" version="3.0" name="com.finance.financial_management_app.FinancialManagementAppApplicationTests" time="4.848" tests="1" errors="0" skipped="0" failures="0">
  <properties>
[...]
</properties>
  <testcase name="contextLoads" classname="com.finance.financial_management_app.FinancialManagementAppApplicationTests" time="0.325">
    <system-out><![CDATA[13:40:27.080 [main] INFO org.springframework.test.context.support.AnnotationConfigContextLoaderUtils -- Could not detect default configuration classes for test class [com.finance.financial_management_app.FinancialManagementAppApplicationTests]: FinancialManagementAppApplicationTests does not declare any static, non-private, non-final, nested classes annotated with @Configuration.
13:40:27.172 [main] INFO org.springframework.boot.test.context.SpringBootTestContextBootstrapper -- Found @SpringBootConfiguration com.finance.financial_management_app.FinancialManagementAppApplication for test class com.finance.financial_management_app.FinancialManagementAppApplicationTests
13:40:27.278 [main] INFO org.springframework.boot.devtools.restart.RestartApplicationListener -- Restart disabled due to context in which it is running

  .   ____          _            __ _ _
 /\\ / ___'_ __ _ _(_)_ __  __ _ \ \ \ \
( ( )\___ | '_ | '_| | '_ \/ _` | \ \ \ \
 \\/  ___)| |_)| | | | | || (_| |  ) ) ) )
  '  |____| .__|_| |_|_| |_\__, | / / / /
 =========|_|==============|___/=/_/_/_/

 :: Spring Boot ::                (v3.3.4)

2024-10-04T13:40:27.469+02:00  INFO 17064 --- [financial_management_app] [           main] f.FinancialManagementAppApplicationTests : Starting FinancialManagementAppApplicationTests using Java 23 with PID 17064 (started by tadiwa.muguta in c:\Users\tadiwa.muguta\Desktop\Projects\Finance Management\financial_management_app)
2024-10-04T13:40:27.470+02:00  INFO 17064 --- [financial_management_app] [           main] f.FinancialManagementAppApplicationTests : No active profile set, falling back to 1 default profile: "default"
2024-10-04T13:40:27.945+02:00  INFO 17064 --- [financial_management_app] [           main] .s.d.r.c.RepositoryConfigurationDelegate : Bootstrapping Spring Data JPA repositories in DEFAULT mode.
2024-10-04T13:40:27.977+02:00  INFO 17064 --- [financial_management_app] [           main] .s.d.r.c.RepositoryConfigurationDelegate : Finished Spring Data repository scanning in 27 ms. Found 3 JPA repository interfaces.
2024-10-04T13:40:28.688+02:00  INFO 17064 --- [financial_management_app] [           main] com.zaxxer.hikari.HikariDataSource       : HikariPool-1 - Starting...
2024-10-04T13:40:28.961+02:00  INFO 17064 --- [financial_management_app] [           main] com.zaxxer.hikari.pool.HikariPool        : HikariPool-1 - Added connection com.mysql.cj.jdbc.ConnectionImpl@acb5508
2024-10-04T13:40:28.963+02:00  INFO 17064 --- [financial_management_app] [           main] com.zaxxer.hikari.HikariDataSource       : HikariPool-1 - Start completed.
2024-10-04T13:40:29.053+02:00  INFO 17064 --- [financial_management_app] [           main] o.hibernate.jpa.internal.util.LogHelper  : HHH000204: Processing PersistenceUnitInfo [name: default]
2024-10-04T13:40:29.097+02:00  INFO 17064 --- [financial_management_app] [           main] org.hibernate.Version                    : HHH000412: Hibernate ORM core version 6.5.3.Final
2024-10-04T13:40:29.119+02:00  INFO 17064 --- [financial_management_app] [           main] o.h.c.internal.RegionFactoryInitiator    : HHH000026: Second-level cache disabled
2024-10-04T13:40:29.332+02:00  INFO 17064 --- [financial_management_app] [           main] o.s.o.j.p.SpringPersistenceUnitInfo      : No LoadTimeWeaver setup: ignoring JPA class transformer
2024-10-04T13:40:29.375+02:00  WARN 17064 --- [financial_management_app] [           main] org.hibernate.orm.deprecation            : HHH90000025: MySQLDialect does not need to be specified explicitly using 'hibernate.dialect' (remove the property setting and it will be selected by default)
2024-10-04T13:40:29.986+02:00  INFO 17064 --- [financial_management_app] [           main] o.h.e.t.j.p.i.JtaPlatformInitiator       : HHH000489: No JTA platform available (set 'hibernate.transaction.jta.platform' to enable JTA platform integration)
2024-10-04T13:40:30.036+02:00  INFO 17064 --- [financial_management_app] [           main] j.LocalContainerEntityManagerFactoryBean : Initialized JPA EntityManagerFactory for persistence unit 'default'
2024-10-04T13:40:30.430+02:00  WARN 17064 --- [financial_management_app] [           main] JpaBaseConfiguration$JpaWebConfiguration : spring.jpa.open-in-view is enabled by default. Therefore, database queries may be performed during view rendering. Explicitly configure spring.jpa.open-in-view to disable this warning
2024-10-04T13:40:30.467+02:00  INFO 17064 --- [financial_management_app] [           main] r$InitializeUserDetailsManagerConfigurer : Global AuthenticationManager configured with UserDetailsService bean with name customUserDetailsService
2024-10-04T13:40:31.322+02:00  INFO 17064 --- [financial_management_app] [           main] o.s.b.a.e.web.EndpointLinksResolver      : Exposing 1 endpoint beneath base path '/actuator'
2024-10-04T13:40:31.418+02:00  INFO 17064 --- [financial_management_app] [           main] f.FinancialManagementAppApplicationTests : Started FinancialManagementAppApplicationTests in 4.15 seconds (process running for 4.841)
]]></system-out>
    <system-err><![CDATA[WARNING: A Java agent has been loaded dynamically (C:\Users\tadiwa.muguta\.m2\repository\net\bytebuddy\byte-buddy-agent\1.14.19\byte-buddy-agent-1.14.19.jar)
WARNING: If a serviceability tool is in use, please run with -XX:+EnableDynamicAgentLoading to hide this warning
WARNING: If a serviceability tool is not in use, please run with -Djdk.instrument.traceUsage for more information
WARNING: Dynamic loading of agents will be disallowed by default in a future release
]]></system-err>
  </testcase>
</testsuite>